<?xml version="1.0" encoding="UTF-8"?>
<testng-results ignored="0" total="1" passed="1" failed="0" skipped="0">
  <reporter-output>
  </reporter-output>
  <suite started-at="2021-10-06T08:29:29Z" name="Default suite" finished-at="2021-10-06T08:31:04Z" duration-ms="94475">
    <groups>
    </groups>
    <test started-at="2021-10-06T08:29:29Z" name="Default test" finished-at="2021-10-06T08:31:04Z" duration-ms="94475">
      <class name="com.hrms.TC001">
        <test-method signature="tc001()[pri:0, instance:com.hrms.TC001@332729ad]" started-at="2021-10-06T08:29:29Z" name="tc001" finished-at="2021-10-06T08:31:04Z" duration-ms="94418" status="PASS">
          <reporter-output>
          </reporter-output>
        </test-method> <!-- tc001 -->
      </class> <!-- com.hrms.TC001 -->
    </test> <!-- Default test -->
  </suite> <!-- Default suite -->
</testng-results>
