<?xml version="1.0" encoding="UTF-8"?>
<!-- Generated by org.testng.reporters.JUnitXMLReporter -->
<testsuite hostname="DESKTOP-OOPMDMF" failures="0" tests="5" name="Nopackage" time="67.985" errors="0" timestamp="24 Sep 2021 05:48:15 GMT">
  <testcase classname="com.hrms.testscripts.TC001" name="tc001" time="11.971"/>
  <testcase classname="com.hrms.testscripts.TC002" name="tc002" time="21.587"/>
  <testcase classname="com.hrms.testscripts.TC003" name="tc003" time="9.632"/>
  <testcase classname="com.hrms.testscripts.TC_Excel_WD_TestNG" name="login" time="7.942"/>
  <testcase classname="com.hrms.testscripts.WebDriverTestng" name="Login" time="12.984"/>
</testsuite> <!-- Nopackage -->
